{"contracts/mock/mockDAI.sol":{"l":{"15":1,"19":2},"path":"/home/yashvardan/Downloads/New Folder With Items/New Folder With Items/personal/Tomex/contracts/mock/mockDAI.sol","s":{"1":1,"2":2},"b":{},"f":{"1":1,"2":2},"fnMap":{"1":{"name":"constructor","line":13,"loc":{"start":{"line":10,"column":4},"end":{"line":16,"column":4}}},"2":{"name":"mint","line":18,"loc":{"start":{"line":18,"column":4},"end":{"line":20,"column":4}}}},"statementMap":{"1":{"start":{"line":15,"column":8},"end":{"line":15,"column":55}},"2":{"start":{"line":19,"column":8},"end":{"line":19,"column":24}}},"branchMap":{}},"contracts/wTomex.sol":{"l":{"39":5,"40":4,"41":17,"42":16,"43":15,"44":15,"47":2,"48":1,"50":1,"54":113,"58":105,"62":22,"63":110,"64":63,"65":63,"68":22,"72":19,"73":19,"77":29,"81":29,"82":25,"87":4,"88":4,"95":4,"96":4,"101":1,"104":1,"111":1,"112":1,"119":3,"120":2,"123":2,"131":1,"132":1,"133":1,"141":10,"146":11,"149":11,"156":10,"158":10,"160":10,"161":5,"163":2,"165":3,"168":10,"171":10,"172":0,"176":10,"179":10,"181":10,"184":10,"189":0,"194":4,"195":3,"196":3,"201":3,"202":3,"209":2,"210":1,"211":1,"212":1,"213":1,"220":3,"224":3,"232":2,"236":1,"237":1,"243":62,"245":62,"249":61,"251":61,"264":10,"266":10,"270":9,"272":9,"281":5,"285":5,"289":4,"291":4,"305":1,"313":1,"314":1,"316":1,"318":1,"327":1,"337":1,"338":4,"339":1,"340":1,"341":1,"344":1,"347":1,"348":1,"350":1},"path":"/home/yashvardan/Downloads/New Folder With Items/New Folder With Items/personal/Tomex/contracts/wTomex.sol","s":{"1":5,"2":4,"3":17,"4":16,"5":15,"6":2,"7":1,"8":113,"9":22,"10":110,"11":22,"12":29,"13":29,"14":4,"15":4,"16":4,"17":1,"18":1,"19":1,"20":3,"21":2,"22":2,"23":1,"24":1,"25":10,"26":11,"27":11,"28":10,"29":10,"30":10,"31":5,"32":10,"33":10,"34":10,"35":4,"36":3,"37":3,"38":3,"39":3,"40":2,"41":1,"42":1,"43":1,"44":1,"45":3,"46":3,"47":2,"48":1,"49":1,"50":62,"51":62,"52":61,"53":10,"54":10,"55":9,"56":5,"57":5,"58":4,"59":1,"60":1,"61":1,"62":1,"63":1,"64":1,"65":1,"66":4,"67":1,"68":1,"69":1},"b":{"1":[4,1],"2":[16,1],"3":[15,1],"4":[1,1],"5":[105,8],"6":[81,24],"7":[63,47],"8":[19,3],"9":[29,0],"10":[25,4],"11":[4,1],"12":[4,0],"13":[4,0],"14":[1,1],"15":[1,0],"16":[1,0],"17":[4,1],"18":[3,1],"19":[2,1],"20":[1,1],"21":[12,1],"22":[11,1],"23":[10,1],"24":[10,0],"25":[5,5],"26":[2,3],"27":[0,10],"28":[4,0],"29":[3,1],"30":[3,0],"31":[2,0],"32":[2,0],"33":[1,1],"34":[1,0],"35":[4,1],"36":[3,1],"37":[2,1],"38":[1,1],"39":[1,0],"40":[62,1],"41":[61,1],"42":[10,1],"43":[9,1],"44":[5,0],"45":[4,1],"46":[2,1],"47":[1,1],"48":[1,0],"49":[1,0],"50":[1,0],"51":[1,0],"52":[1,0],"53":[1,0],"54":[1,3]},"f":{"1":5,"2":113,"3":22,"4":29,"5":4,"6":4,"7":1,"8":1,"9":3,"10":1,"11":10,"12":11,"13":10,"14":4,"15":2,"16":3,"17":2,"18":62,"19":10,"20":5,"21":1,"22":1,"23":1},"fnMap":{"1":{"name":"constructor","line":38,"loc":{"start":{"line":35,"column":4},"end":{"line":51,"column":4}}},"2":{"name":"onlyWhitelisted","line":53,"loc":{"start":{"line":53,"column":4},"end":{"line":59,"column":4}}},"3":{"name":"multiSigApproval","line":61,"loc":{"start":{"line":61,"column":4},"end":{"line":74,"column":4}}},"4":{"name":"whenNotPausedAndOnlyEOA","line":76,"loc":{"start":{"line":76,"column":4},"end":{"line":83,"column":4}}},"5":{"name":"pause","line":86,"loc":{"start":{"line":86,"column":4},"end":{"line":89,"column":4}}},"6":{"name":"_pause","line":94,"loc":{"start":{"line":92,"column":4},"end":{"line":97,"column":4}}},"7":{"name":"unpause","line":100,"loc":{"start":{"line":100,"column":4},"end":{"line":105,"column":4}}},"8":{"name":"_unpause","line":110,"loc":{"start":{"line":108,"column":4},"end":{"line":113,"column":4}}},"9":{"name":"changeSuperAdmin","line":118,"loc":{"start":{"line":116,"column":4},"end":{"line":124,"column":4}}},"10":{"name":"_changeSuperAdmin","line":130,"loc":{"start":{"line":127,"column":4},"end":{"line":134,"column":4}}},"11":{"name":"calculateAnnualRelease","line":137,"loc":{"start":{"line":137,"column":4},"end":{"line":142,"column":4}}},"12":{"name":"releaseTokens","line":145,"loc":{"start":{"line":145,"column":4},"end":{"line":150,"column":4}}},"13":{"name":"_releaseTokens","line":155,"loc":{"start":{"line":153,"column":4},"end":{"line":185,"column":4}}},"14":{"name":"wrap","line":193,"loc":{"start":{"line":193,"column":4},"end":{"line":203,"column":4}}},"15":{"name":"unwrap","line":208,"loc":{"start":{"line":206,"column":4},"end":{"line":214,"column":4}}},"16":{"name":"approveWithdraw","line":219,"loc":{"start":{"line":217,"column":4},"end":{"line":225,"column":4}}},"17":{"name":"_approveWithdraw","line":231,"loc":{"start":{"line":228,"column":4},"end":{"line":238,"column":4}}},"18":{"name":"approveRequest","line":241,"loc":{"start":{"line":241,"column":4},"end":{"line":257,"column":4}}},"19":{"name":"approveRequestForWithdrawals","line":262,"loc":{"start":{"line":259,"column":4},"end":{"line":273,"column":4}}},"20":{"name":"approveRequestForOwnerChange","line":279,"loc":{"start":{"line":275,"column":4},"end":{"line":292,"column":4}}},"21":{"name":"foreignTokenRecover","line":304,"loc":{"start":{"line":300,"column":4},"end":{"line":306,"column":4}}},"22":{"name":"changeOwner","line":312,"loc":{"start":{"line":309,"column":4},"end":{"line":328,"column":4}}},"23":{"name":"_changeOwner","line":335,"loc":{"start":{"line":331,"column":4},"end":{"line":351,"column":4}}}},"statementMap":{"1":{"start":{"line":39,"column":8},"end":{"line":39,"column":76}},"2":{"start":{"line":40,"column":8},"end":{"line":40,"column":1696}},"3":{"start":{"line":41,"column":12},"end":{"line":41,"column":76}},"4":{"start":{"line":42,"column":12},"end":{"line":42,"column":74}},"5":{"start":{"line":43,"column":12},"end":{"line":43,"column":40}},"6":{"start":{"line":47,"column":8},"end":{"line":47,"column":73}},"7":{"start":{"line":50,"column":8},"end":{"line":50,"column":52}},"8":{"start":{"line":54,"column":8},"end":{"line":54,"column":2254}},"9":{"start":{"line":62,"column":8},"end":{"line":62,"column":2455}},"10":{"start":{"line":63,"column":12},"end":{"line":63,"column":2517}},"11":{"start":{"line":68,"column":8},"end":{"line":68,"column":2679}},"12":{"start":{"line":77,"column":8},"end":{"line":77,"column":2892}},"13":{"start":{"line":81,"column":8},"end":{"line":81,"column":47}},"14":{"start":{"line":87,"column":8},"end":{"line":87,"column":79}},"15":{"start":{"line":88,"column":8},"end":{"line":88,"column":26}},"16":{"start":{"line":95,"column":8},"end":{"line":95,"column":41}},"17":{"start":{"line":101,"column":8},"end":{"line":101,"column":3667}},"18":{"start":{"line":104,"column":8},"end":{"line":104,"column":28}},"19":{"start":{"line":111,"column":8},"end":{"line":111,"column":48}},"20":{"start":{"line":119,"column":8},"end":{"line":119,"column":75}},"21":{"start":{"line":120,"column":8},"end":{"line":120,"column":4319}},"22":{"start":{"line":123,"column":8},"end":{"line":123,"column":52}},"23":{"start":{"line":131,"column":8},"end":{"line":131,"column":42}},"24":{"start":{"line":133,"column":8},"end":{"line":133,"column":60}},"25":{"start":{"line":141,"column":8},"end":{"line":141,"column":57}},"26":{"start":{"line":146,"column":8},"end":{"line":146,"column":5295}},"27":{"start":{"line":149,"column":8},"end":{"line":149,"column":34}},"28":{"start":{"line":156,"column":8},"end":{"line":156,"column":65}},"29":{"start":{"line":158,"column":8},"end":{"line":158,"column":29}},"30":{"start":{"line":160,"column":8},"end":{"line":160,"column":5824}},"31":{"start":{"line":162,"column":15},"end":{"line":162,"column":5923}},"32":{"start":{"line":171,"column":8},"end":{"line":171,"column":6371}},"33":{"start":{"line":179,"column":8},"end":{"line":179,"column":39}},"34":{"start":{"line":181,"column":8},"end":{"line":181,"column":69}},"35":{"start":{"line":194,"column":8},"end":{"line":194,"column":62}},"36":{"start":{"line":195,"column":8},"end":{"line":195,"column":43}},"37":{"start":{"line":196,"column":8},"end":{"line":196,"column":7155}},"38":{"start":{"line":201,"column":8},"end":{"line":201,"column":35}},"39":{"start":{"line":202,"column":8},"end":{"line":202,"column":43}},"40":{"start":{"line":209,"column":8},"end":{"line":209,"column":78}},"41":{"start":{"line":210,"column":8},"end":{"line":210,"column":32}},"42":{"start":{"line":211,"column":8},"end":{"line":211,"column":70}},"43":{"start":{"line":212,"column":8},"end":{"line":212,"column":42}},"44":{"start":{"line":213,"column":8},"end":{"line":213,"column":42}},"45":{"start":{"line":220,"column":8},"end":{"line":220,"column":7994}},"46":{"start":{"line":224,"column":8},"end":{"line":224,"column":44}},"47":{"start":{"line":232,"column":8},"end":{"line":232,"column":8445}},"48":{"start":{"line":236,"column":8},"end":{"line":236,"column":70}},"49":{"start":{"line":237,"column":8},"end":{"line":237,"column":44}},"50":{"start":{"line":243,"column":8},"end":{"line":243,"column":78}},"51":{"start":{"line":245,"column":8},"end":{"line":245,"column":9031}},"52":{"start":{"line":251,"column":8},"end":{"line":251,"column":45}},"53":{"start":{"line":264,"column":8},"end":{"line":264,"column":73}},"54":{"start":{"line":266,"column":8},"end":{"line":266,"column":9724}},"55":{"start":{"line":272,"column":8},"end":{"line":272,"column":45}},"56":{"start":{"line":281,"column":8},"end":{"line":281,"column":10170}},"57":{"start":{"line":285,"column":8},"end":{"line":285,"column":10297}},"58":{"start":{"line":291,"column":8},"end":{"line":291,"column":45}},"59":{"start":{"line":305,"column":8},"end":{"line":305,"column":57}},"60":{"start":{"line":313,"column":8},"end":{"line":313,"column":68}},"61":{"start":{"line":314,"column":8},"end":{"line":314,"column":77}},"62":{"start":{"line":316,"column":8},"end":{"line":316,"column":71}},"63":{"start":{"line":318,"column":8},"end":{"line":318,"column":11387}},"64":{"start":{"line":327,"column":8},"end":{"line":327,"column":57}},"65":{"start":{"line":337,"column":8},"end":{"line":337,"column":11962}},"66":{"start":{"line":338,"column":12},"end":{"line":338,"column":12024}},"67":{"start":{"line":340,"column":16},"end":{"line":340,"column":27}},"68":{"start":{"line":347,"column":8},"end":{"line":347,"column":28}},"69":{"start":{"line":350,"column":8},"end":{"line":350,"column":49}}},"branchMap":{"1":{"line":39,"type":"if","locations":[{"start":{"line":39,"column":8},"end":{"line":39,"column":8}},{"start":{"line":39,"column":8},"end":{"line":39,"column":8}}]},"2":{"line":41,"type":"if","locations":[{"start":{"line":41,"column":12},"end":{"line":41,"column":12}},{"start":{"line":41,"column":12},"end":{"line":41,"column":12}}]},"3":{"line":42,"type":"if","locations":[{"start":{"line":42,"column":12},"end":{"line":42,"column":12}},{"start":{"line":42,"column":12},"end":{"line":42,"column":12}}]},"4":{"line":47,"type":"if","locations":[{"start":{"line":47,"column":8},"end":{"line":47,"column":8}},{"start":{"line":47,"column":8},"end":{"line":47,"column":8}}]},"5":{"line":54,"type":"if","locations":[{"start":{"line":54,"column":8},"end":{"line":54,"column":8}},{"start":{"line":54,"column":8},"end":{"line":54,"column":8}}]},"6":{"line":55,"type":"cond-expr","locations":[{"start":{"line":55,"column":12},"end":{"line":55,"column":30}},{"start":{"line":55,"column":35},"end":{"line":55,"column":58}}]},"7":{"line":63,"type":"if","locations":[{"start":{"line":63,"column":12},"end":{"line":63,"column":12}},{"start":{"line":63,"column":12},"end":{"line":63,"column":12}}]},"8":{"line":68,"type":"if","locations":[{"start":{"line":68,"column":8},"end":{"line":68,"column":8}},{"start":{"line":68,"column":8},"end":{"line":68,"column":8}}]},"9":{"line":77,"type":"if","locations":[{"start":{"line":77,"column":8},"end":{"line":77,"column":8}},{"start":{"line":77,"column":8},"end":{"line":77,"column":8}}]},"10":{"line":81,"type":"if","locations":[{"start":{"line":81,"column":8},"end":{"line":81,"column":8}},{"start":{"line":81,"column":8},"end":{"line":81,"column":8}}]},"11":{"line":86,"type":"if","locations":[{"start":{"line":86,"column":30},"end":{"line":86,"column":30}},{"start":{"line":86,"column":30},"end":{"line":86,"column":30}}]},"12":{"line":94,"type":"if","locations":[{"start":{"line":94,"column":15},"end":{"line":94,"column":15}},{"start":{"line":94,"column":15},"end":{"line":94,"column":15}}]},"13":{"line":95,"type":"if","locations":[{"start":{"line":95,"column":8},"end":{"line":95,"column":8}},{"start":{"line":95,"column":8},"end":{"line":95,"column":8}}]},"14":{"line":100,"type":"if","locations":[{"start":{"line":100,"column":32},"end":{"line":100,"column":32}},{"start":{"line":100,"column":32},"end":{"line":100,"column":32}}]},"15":{"line":110,"type":"if","locations":[{"start":{"line":110,"column":15},"end":{"line":110,"column":15}},{"start":{"line":110,"column":15},"end":{"line":110,"column":15}}]},"16":{"line":111,"type":"if","locations":[{"start":{"line":111,"column":8},"end":{"line":111,"column":8}},{"start":{"line":111,"column":8},"end":{"line":111,"column":8}}]},"17":{"line":118,"type":"if","locations":[{"start":{"line":118,"column":15},"end":{"line":118,"column":15}},{"start":{"line":118,"column":15},"end":{"line":118,"column":15}}]},"18":{"line":118,"type":"if","locations":[{"start":{"line":118,"column":31},"end":{"line":118,"column":31}},{"start":{"line":118,"column":31},"end":{"line":118,"column":31}}]},"19":{"line":119,"type":"if","locations":[{"start":{"line":119,"column":8},"end":{"line":119,"column":8}},{"start":{"line":119,"column":8},"end":{"line":119,"column":8}}]},"20":{"line":130,"type":"if","locations":[{"start":{"line":130,"column":15},"end":{"line":130,"column":15}},{"start":{"line":130,"column":15},"end":{"line":130,"column":15}}]},"21":{"line":145,"type":"if","locations":[{"start":{"line":145,"column":38},"end":{"line":145,"column":38}},{"start":{"line":145,"column":38},"end":{"line":145,"column":38}}]},"22":{"line":145,"type":"if","locations":[{"start":{"line":145,"column":54},"end":{"line":145,"column":54}},{"start":{"line":145,"column":54},"end":{"line":145,"column":54}}]},"23":{"line":155,"type":"if","locations":[{"start":{"line":155,"column":15},"end":{"line":155,"column":15}},{"start":{"line":155,"column":15},"end":{"line":155,"column":15}}]},"24":{"line":156,"type":"if","locations":[{"start":{"line":156,"column":8},"end":{"line":156,"column":8}},{"start":{"line":156,"column":8},"end":{"line":156,"column":8}}]},"25":{"line":160,"type":"if","locations":[{"start":{"line":160,"column":8},"end":{"line":160,"column":8}},{"start":{"line":160,"column":8},"end":{"line":160,"column":8}}]},"26":{"line":162,"type":"if","locations":[{"start":{"line":162,"column":15},"end":{"line":162,"column":15}},{"start":{"line":162,"column":15},"end":{"line":162,"column":15}}]},"27":{"line":171,"type":"if","locations":[{"start":{"line":171,"column":8},"end":{"line":171,"column":8}},{"start":{"line":171,"column":8},"end":{"line":171,"column":8}}]},"28":{"line":193,"type":"if","locations":[{"start":{"line":193,"column":35},"end":{"line":193,"column":35}},{"start":{"line":193,"column":35},"end":{"line":193,"column":35}}]},"29":{"line":194,"type":"if","locations":[{"start":{"line":194,"column":8},"end":{"line":194,"column":8}},{"start":{"line":194,"column":8},"end":{"line":194,"column":8}}]},"30":{"line":196,"type":"if","locations":[{"start":{"line":196,"column":8},"end":{"line":196,"column":8}},{"start":{"line":196,"column":8},"end":{"line":196,"column":8}}]},"31":{"line":208,"type":"if","locations":[{"start":{"line":208,"column":13},"end":{"line":208,"column":13}},{"start":{"line":208,"column":13},"end":{"line":208,"column":13}}]},"32":{"line":208,"type":"if","locations":[{"start":{"line":208,"column":26},"end":{"line":208,"column":26}},{"start":{"line":208,"column":26},"end":{"line":208,"column":26}}]},"33":{"line":209,"type":"if","locations":[{"start":{"line":209,"column":8},"end":{"line":209,"column":8}},{"start":{"line":209,"column":8},"end":{"line":209,"column":8}}]},"34":{"line":212,"type":"if","locations":[{"start":{"line":212,"column":8},"end":{"line":212,"column":8}},{"start":{"line":212,"column":8},"end":{"line":212,"column":8}}]},"35":{"line":219,"type":"if","locations":[{"start":{"line":219,"column":15},"end":{"line":219,"column":15}},{"start":{"line":219,"column":15},"end":{"line":219,"column":15}}]},"36":{"line":219,"type":"if","locations":[{"start":{"line":219,"column":31},"end":{"line":219,"column":31}},{"start":{"line":219,"column":31},"end":{"line":219,"column":31}}]},"37":{"line":231,"type":"if","locations":[{"start":{"line":231,"column":15},"end":{"line":231,"column":15}},{"start":{"line":231,"column":15},"end":{"line":231,"column":15}}]},"38":{"line":232,"type":"if","locations":[{"start":{"line":232,"column":8},"end":{"line":232,"column":8}},{"start":{"line":232,"column":8},"end":{"line":232,"column":8}}]},"39":{"line":237,"type":"if","locations":[{"start":{"line":237,"column":8},"end":{"line":237,"column":8}},{"start":{"line":237,"column":8},"end":{"line":237,"column":8}}]},"40":{"line":241,"type":"if","locations":[{"start":{"line":241,"column":63},"end":{"line":241,"column":63}},{"start":{"line":241,"column":63},"end":{"line":241,"column":63}}]},"41":{"line":245,"type":"if","locations":[{"start":{"line":245,"column":8},"end":{"line":245,"column":8}},{"start":{"line":245,"column":8},"end":{"line":245,"column":8}}]},"42":{"line":262,"type":"if","locations":[{"start":{"line":262,"column":13},"end":{"line":262,"column":13}},{"start":{"line":262,"column":13},"end":{"line":262,"column":13}}]},"43":{"line":266,"type":"if","locations":[{"start":{"line":266,"column":8},"end":{"line":266,"column":8}},{"start":{"line":266,"column":8},"end":{"line":266,"column":8}}]},"44":{"line":279,"type":"if","locations":[{"start":{"line":279,"column":13},"end":{"line":279,"column":13}},{"start":{"line":279,"column":13},"end":{"line":279,"column":13}}]},"45":{"line":285,"type":"if","locations":[{"start":{"line":285,"column":8},"end":{"line":285,"column":8}},{"start":{"line":285,"column":8},"end":{"line":285,"column":8}}]},"46":{"line":304,"type":"if","locations":[{"start":{"line":304,"column":15},"end":{"line":304,"column":15}},{"start":{"line":304,"column":15},"end":{"line":304,"column":15}}]},"47":{"line":304,"type":"if","locations":[{"start":{"line":304,"column":31},"end":{"line":304,"column":31}},{"start":{"line":304,"column":31},"end":{"line":304,"column":31}}]},"48":{"line":312,"type":"if","locations":[{"start":{"line":312,"column":15},"end":{"line":312,"column":15}},{"start":{"line":312,"column":15},"end":{"line":312,"column":15}}]},"49":{"line":312,"type":"if","locations":[{"start":{"line":312,"column":31},"end":{"line":312,"column":31}},{"start":{"line":312,"column":31},"end":{"line":312,"column":31}}]},"50":{"line":313,"type":"if","locations":[{"start":{"line":313,"column":8},"end":{"line":313,"column":8}},{"start":{"line":313,"column":8},"end":{"line":313,"column":8}}]},"51":{"line":314,"type":"if","locations":[{"start":{"line":314,"column":8},"end":{"line":314,"column":8}},{"start":{"line":314,"column":8},"end":{"line":314,"column":8}}]},"52":{"line":316,"type":"if","locations":[{"start":{"line":316,"column":8},"end":{"line":316,"column":8}},{"start":{"line":316,"column":8},"end":{"line":316,"column":8}}]},"53":{"line":335,"type":"if","locations":[{"start":{"line":335,"column":15},"end":{"line":335,"column":15}},{"start":{"line":335,"column":15},"end":{"line":335,"column":15}}]},"54":{"line":338,"type":"if","locations":[{"start":{"line":338,"column":12},"end":{"line":338,"column":12}},{"start":{"line":338,"column":12},"end":{"line":338,"column":12}}]}}}}