TN:
SF:/home/yashvardan/Downloads/New Folder With Items/New Folder With Items/personal/Tomex/contracts/mock/mockDAI.sol
FN:13,constructor
FN:18,mint
FNF:2
FNH:2
FNDA:1,constructor
FNDA:2,mint
DA:15,1
DA:19,2
LF:2
LH:2
BRF:0
BRH:0
end_of_record
TN:
SF:/home/yashvardan/Downloads/New Folder With Items/New Folder With Items/personal/Tomex/contracts/wTomex.sol
FN:38,constructor
FN:53,onlyWhitelisted
FN:61,multiSigApproval
FN:76,whenNotPausedAndOnlyEOA
FN:86,pause
FN:94,_pause
FN:100,unpause
FN:110,_unpause
FN:118,changeSuperAdmin
FN:130,_changeSuperAdmin
FN:137,calculateAnnualRelease
FN:145,releaseTokens
FN:155,_releaseTokens
FN:193,wrap
FN:208,unwrap
FN:219,approveWithdraw
FN:231,_approveWithdraw
FN:241,approveRequest
FN:262,approveRequestForWithdrawals
FN:279,approveRequestForOwnerChange
FN:304,foreignTokenRecover
FN:312,changeOwner
FN:335,_changeOwner
FNF:23
FNH:23
FNDA:5,constructor
FNDA:113,onlyWhitelisted
FNDA:22,multiSigApproval
FNDA:29,whenNotPausedAndOnlyEOA
FNDA:4,pause
FNDA:4,_pause
FNDA:1,unpause
FNDA:1,_unpause
FNDA:3,changeSuperAdmin
FNDA:1,_changeSuperAdmin
FNDA:10,calculateAnnualRelease
FNDA:11,releaseTokens
FNDA:10,_releaseTokens
FNDA:4,wrap
FNDA:2,unwrap
FNDA:3,approveWithdraw
FNDA:2,_approveWithdraw
FNDA:62,approveRequest
FNDA:10,approveRequestForWithdrawals
FNDA:5,approveRequestForOwnerChange
FNDA:1,foreignTokenRecover
FNDA:1,changeOwner
FNDA:1,_changeOwner
DA:39,5
DA:40,4
DA:41,17
DA:42,16
DA:43,15
DA:44,15
DA:47,2
DA:48,1
DA:50,1
DA:54,113
DA:58,105
DA:62,22
DA:63,110
DA:64,63
DA:65,63
DA:68,22
DA:72,19
DA:73,19
DA:77,29
DA:81,29
DA:82,25
DA:87,4
DA:88,4
DA:95,4
DA:96,4
DA:101,1
DA:104,1
DA:111,1
DA:112,1
DA:119,3
DA:120,2
DA:123,2
DA:131,1
DA:132,1
DA:133,1
DA:141,10
DA:146,11
DA:149,11
DA:156,10
DA:158,10
DA:160,10
DA:161,5
DA:163,2
DA:165,3
DA:168,10
DA:171,10
DA:172,0
DA:176,10
DA:179,10
DA:181,10
DA:184,10
DA:189,0
DA:194,4
DA:195,3
DA:196,3
DA:201,3
DA:202,3
DA:209,2
DA:210,1
DA:211,1
DA:212,1
DA:213,1
DA:220,3
DA:224,3
DA:232,2
DA:236,1
DA:237,1
DA:243,62
DA:245,62
DA:249,61
DA:251,61
DA:264,10
DA:266,10
DA:270,9
DA:272,9
DA:281,5
DA:285,5
DA:289,4
DA:291,4
DA:305,1
DA:313,1
DA:314,1
DA:316,1
DA:318,1
DA:327,1
DA:337,1
DA:338,4
DA:339,1
DA:340,1
DA:341,1
DA:344,1
DA:347,1
DA:348,1
DA:350,1
LF:94
LH:92
BRDA:39,1,0,4
BRDA:39,1,1,1
BRDA:41,2,0,16
BRDA:41,2,1,1
BRDA:42,3,0,15
BRDA:42,3,1,1
BRDA:47,4,0,1
BRDA:47,4,1,1
BRDA:54,5,0,105
BRDA:54,5,1,8
BRDA:55,6,0,81
BRDA:55,6,1,24
BRDA:63,7,0,63
BRDA:63,7,1,47
BRDA:68,8,0,19
BRDA:68,8,1,3
BRDA:77,9,0,29
BRDA:77,9,1,0
BRDA:81,10,0,25
BRDA:81,10,1,4
BRDA:86,11,0,4
BRDA:86,11,1,1
BRDA:94,12,0,4
BRDA:94,12,1,0
BRDA:95,13,0,4
BRDA:95,13,1,0
BRDA:100,14,0,1
BRDA:100,14,1,1
BRDA:110,15,0,1
BRDA:110,15,1,0
BRDA:111,16,0,1
BRDA:111,16,1,0
BRDA:118,17,0,4
BRDA:118,17,1,1
BRDA:118,18,0,3
BRDA:118,18,1,1
BRDA:119,19,0,2
BRDA:119,19,1,1
BRDA:130,20,0,1
BRDA:130,20,1,1
BRDA:145,21,0,12
BRDA:145,21,1,1
BRDA:145,22,0,11
BRDA:145,22,1,1
BRDA:155,23,0,10
BRDA:155,23,1,1
BRDA:156,24,0,10
BRDA:156,24,1,0
BRDA:160,25,0,5
BRDA:160,25,1,5
BRDA:162,26,0,2
BRDA:162,26,1,3
BRDA:171,27,0,0
BRDA:171,27,1,10
BRDA:193,28,0,4
BRDA:193,28,1,0
BRDA:194,29,0,3
BRDA:194,29,1,1
BRDA:196,30,0,3
BRDA:196,30,1,0
BRDA:208,31,0,2
BRDA:208,31,1,0
BRDA:208,32,0,2
BRDA:208,32,1,0
BRDA:209,33,0,1
BRDA:209,33,1,1
BRDA:212,34,0,1
BRDA:212,34,1,0
BRDA:219,35,0,4
BRDA:219,35,1,1
BRDA:219,36,0,3
BRDA:219,36,1,1
BRDA:231,37,0,2
BRDA:231,37,1,1
BRDA:232,38,0,1
BRDA:232,38,1,1
BRDA:237,39,0,1
BRDA:237,39,1,0
BRDA:241,40,0,62
BRDA:241,40,1,1
BRDA:245,41,0,61
BRDA:245,41,1,1
BRDA:262,42,0,10
BRDA:262,42,1,1
BRDA:266,43,0,9
BRDA:266,43,1,1
BRDA:279,44,0,5
BRDA:279,44,1,0
BRDA:285,45,0,4
BRDA:285,45,1,1
BRDA:304,46,0,2
BRDA:304,46,1,1
BRDA:304,47,0,1
BRDA:304,47,1,1
BRDA:312,48,0,1
BRDA:312,48,1,0
BRDA:312,49,0,1
BRDA:312,49,1,0
BRDA:313,50,0,1
BRDA:313,50,1,0
BRDA:314,51,0,1
BRDA:314,51,1,0
BRDA:316,52,0,1
BRDA:316,52,1,0
BRDA:335,53,0,1
BRDA:335,53,1,0
BRDA:338,54,0,1
BRDA:338,54,1,3
BRF:108
BRH:88
end_of_record
